<?xml version="1.0" encoding="UTF-8"?>
<!-- Generated by org.testng.reporters.JUnitReportReporter -->
<testsuite hostname="DESKTOP-TCAG5EO" failures="0" tests="1" name="Com.OrangeHRM.TestCases.ConfigurationPageTest" time="24.669" errors="0" timestamp="2022-10-17T22:56:30 IST" skipped="0">
  <testcase classname="Com.OrangeHRM.TestCases.ConfigurationPageTest" name="ConfigList" time="24.669"/>
  <system-out/>
</testsuite> <!-- Com.OrangeHRM.TestCases.ConfigurationPageTest -->
